# JRE version: OpenJDK Runtime Environment Temurin-17.0.17+10 (17.0.17+10) (build 17.0.17+10)
# Java VM: OpenJDK 64-Bit Server VM Temurin-17.0.17+10 (17.0.17+10, mixed mode, sharing, tiered, compressed oops, compressed class ptrs, g1 gc, windows-amd64)
GC Precious Log:
 CPUs: 12 total, 12 available
 Memory: 16284M
 Large Page Support: Disabled
 NUMA Support: Disabled
 Compressed Oops: Enabled (Zero based)
 Heap Region Size: 2M
 Heap Min Capacity: 8M
 Heap Initial Capacity: 256M
 Heap Max Capacity: 4072M
 Pre-touch: Disabled
 Parallel Workers: 10
 Concurrent Workers: 3
 Concurrent Refinement Workers: 10
 Periodic GC: Disabled
Heap:
 garbage-first heap   total 167936K, used 95099K [0x0000000701800000, 0x0000000800000000)
  region size 2048K, 20 young (40960K), 4 survivors (8192K)
 Metaspace       used 116103K, committed 116800K, reserved 1179648K
  class space    used 15337K, committed 15680K, reserved 1048576K
GC Heap History (20 events):
Event: 6.203 GC heap before
{Heap before GC invocations=16 (full 0):
 garbage-first heap   total 96256K, used 73599K [0x0000000701800000, 0x0000000800000000)
  region size 2048K, 23 young (47104K), 2 survivors (4096K)
 Metaspace       used 65392K, committed 65920K, reserved 1114112K
  class space    used 8845K, committed 9088K, reserved 1048576K
}
Event: 6.210 GC heap after
{Heap after GC invocations=17 (full 0):
 garbage-first heap   total 96256K, used 32681K [0x0000000701800000, 0x0000000800000000)
  region size 2048K, 2 young (4096K), 2 survivors (4096K)
 Metaspace       used 65392K, committed 65920K, reserved 1114112K
  class space    used 8845K, committed 9088K, reserved 1048576K
}
Event: 6.630 GC heap before
{Heap before GC invocations=18 (full 0):
 garbage-first heap   total 96256K, used 73641K [0x0000000701800000, 0x0000000800000000)
  region size 2048K, 23 young (47104K), 2 survivors (4096K)
 Metaspace       used 70450K, committed 70976K, reserved 1114112K
  class space    used 9826K, committed 10112K, reserved 1048576K
}
Event: 6.639 GC heap after
{Heap after GC invocations=19 (full 0):
 garbage-first heap   total 96256K, used 35588K [0x0000000701800000, 0x0000000800000000)
  region size 2048K, 3 young (6144K), 3 survivors (6144K)
 Metaspace       used 70450K, committed 70976K, reserved 1114112K
  class space    used 9826K, committed 10112K, reserved 1048576K
}
Event: 6.844 GC heap before
{Heap before GC invocations=19 (full 0):
 garbage-first heap   total 96256K, used 76548K [0x0000000701800000, 0x0000000800000000)
  region size 2048K, 23 young (47104K), 3 survivors (6144K)
 Metaspace       used 71988K, committed 72512K, reserved 1114112K
  class space    used 10039K, committed 10304K, reserved 1048576K
}
Event: 6.854 GC heap after
{Heap after GC invocations=20 (full 0):
 garbage-first heap   total 167936K, used 37268K [0x0000000701800000, 0x0000000800000000)
  region size 2048K, 3 young (6144K), 3 survivors (6144K)
 Metaspace       used 71988K, committed 72512K, reserved 1114112K
  class space    used 10039K, committed 10304K, reserved 1048576K
}
Event: 7.574 GC heap before
{Heap before GC invocations=20 (full 0):
 garbage-first heap   total 167936K, used 131476K [0x0000000701800000, 0x0000000800000000)
  region size 2048K, 49 young (100352K), 3 survivors (6144K)
 Metaspace       used 78312K, committed 78848K, reserved 1179648K
  class space    used 10953K, committed 11200K, reserved 1048576K
}
Event: 7.579 GC heap after
{Heap after GC invocations=21 (full 0):
 garbage-first heap   total 167936K, used 43792K [0x0000000701800000, 0x0000000800000000)
  region size 2048K, 6 young (12288K), 6 survivors (12288K)
 Metaspace       used 78312K, committed 78848K, reserved 1179648K
  class space    used 10953K, committed 11200K, reserved 1048576K
}
Event: 7.776 GC heap before
{Heap before GC invocations=21 (full 0):
 garbage-first heap   total 167936K, used 127760K [0x0000000701800000, 0x0000000800000000)
  region size 2048K, 47 young (96256K), 6 survivors (12288K)
 Metaspace       used 78763K, committed 79360K, reserved 1179648K
  class space    used 10999K, committed 11264K, reserved 1048576K
}
Event: 7.781 GC heap after
{Heap after GC invocations=22 (full 0):
 garbage-first heap   total 167936K, used 44634K [0x0000000701800000, 0x0000000800000000)
  region size 2048K, 2 young (4096K), 2 survivors (4096K)
 Metaspace       used 78763K, committed 79360K, reserved 1179648K
  class space    used 10999K, committed 11264K, reserved 1048576K
}
Event: 8.480 GC heap before
{Heap before GC invocations=22 (full 0):
 garbage-first heap   total 167936K, used 130650K [0x0000000701800000, 0x0000000800000000)
  region size 2048K, 44 young (90112K), 2 survivors (4096K)
 Metaspace       used 85491K, committed 86080K, reserved 1179648K
  class space    used 11828K, committed 12096K, reserved 1048576K
}
Event: 8.485 GC heap after
{Heap after GC invocations=23 (full 0):
 garbage-first heap   total 167936K, used 49564K [0x0000000701800000, 0x0000000800000000)
  region size 2048K, 4 young (8192K), 4 survivors (8192K)
 Metaspace       used 85491K, committed 86080K, reserved 1179648K
  class space    used 11828K, committed 12096K, reserved 1048576K
}
Event: 9.137 GC heap before
{Heap before GC invocations=23 (full 0):
 garbage-first heap   total 167936K, used 133532K [0x0000000701800000, 0x0000000800000000)
  region size 2048K, 45 young (92160K), 4 survivors (8192K)
 Metaspace       used 92449K, committed 92992K, reserved 1179648K
  class space    used 12584K, committed 12864K, reserved 1048576K
}
Event: 9.143 GC heap after
{Heap after GC invocations=24 (full 0):
 garbage-first heap   total 167936K, used 55753K [0x0000000701800000, 0x0000000800000000)
  region size 2048K, 6 young (12288K), 6 survivors (12288K)
 Metaspace       used 92449K, committed 92992K, reserved 1179648K
  class space    used 12584K, committed 12864K, reserved 1048576K
}
Event: 9.676 GC heap before
{Heap before GC invocations=24 (full 0):
 garbage-first heap   total 167936K, used 133577K [0x0000000701800000, 0x0000000800000000)
  region size 2048K, 44 young (90112K), 6 survivors (12288K)
 Metaspace       used 95349K, committed 95936K, reserved 1179648K
  class space    used 13013K, committed 13312K, reserved 1048576K
}
Event: 9.683 GC heap after
{Heap after GC invocations=25 (full 0):
 garbage-first heap   total 167936K, used 60307K [0x0000000701800000, 0x0000000800000000)
  region size 2048K, 6 young (12288K), 6 survivors (12288K)
 Metaspace       used 95349K, committed 95936K, reserved 1179648K
  class space    used 13013K, committed 13312K, reserved 1048576K
}
Event: 50.383 GC heap before
{Heap before GC invocations=25 (full 0):
 garbage-first heap   total 167936K, used 134035K [0x0000000701800000, 0x0000000800000000)
  region size 2048K, 42 young (86016K), 6 survivors (12288K)
 Metaspace       used 100121K, committed 100736K, reserved 1179648K
  class space    used 13664K, committed 13952K, reserved 1048576K
}
Event: 50.390 GC heap after
{Heap after GC invocations=26 (full 0):
 garbage-first heap   total 167936K, used 63376K [0x0000000701800000, 0x0000000800000000)
  region size 2048K, 4 young (8192K), 4 survivors (8192K)
 Metaspace       used 100121K, committed 100736K, reserved 1179648K
  class space    used 13664K, committed 13952K, reserved 1048576K
}
Event: 138.857 GC heap before
{Heap before GC invocations=26 (full 0):
 garbage-first heap   total 167936K, used 118672K [0x0000000701800000, 0x0000000800000000)
  region size 2048K, 33 young (67584K), 4 survivors (8192K)
 Metaspace       used 109402K, committed 110080K, reserved 1179648K
  class space    used 14530K, committed 14912K, reserved 1048576K
}
Event: 138.863 GC heap after
{Heap after GC invocations=27 (full 0):
 garbage-first heap   total 167936K, used 66427K [0x0000000701800000, 0x0000000800000000)
  region size 2048K, 4 young (8192K), 4 survivors (8192K)
 Metaspace       used 109402K, committed 110080K, reserved 1179648K
  class space    used 14530K, committed 14912K, reserved 1048576K
}

